<?xml version="1.0" encoding="UTF-8"?>
<testng-results ignored="0" total="1" passed="1" failed="0" skipped="0">
  <reporter-output>
  </reporter-output>
  <suite started-at="2024-06-13T16:19:49 IST" name="Suite" finished-at="2024-06-13T16:20:05 IST" duration-ms="15980">
    <groups>
    </groups>
    <test started-at="2024-06-13T16:19:49 IST" name="Test" finished-at="2024-06-13T16:20:05 IST" duration-ms="15980">
      <class name="BaseClasses.OfferrideStep_2TestCase">
        <test-method is-config="true" signature="OpenApplication(java.lang.String)[pri:0, instance:BaseClasses.OfferrideStep_2TestCase@cecf639]" started-at="2024-06-13T16:19:49 IST" name="OpenApplication" finished-at="2024-06-13T16:19:55 IST" duration-ms="6883" status="PASS">
          <params>
            <param index="0">
              <value>
                <![CDATA[chrome]]>
              </value>
            </param>
          </params>
          <reporter-output>
          </reporter-output>
        </test-method> <!-- OpenApplication -->
        <test-method signature="offerridestep2()[pri:0, instance:BaseClasses.OfferrideStep_2TestCase@cecf639]" started-at="2024-06-13T16:19:55 IST" name="offerridestep2" finished-at="2024-06-13T16:20:05 IST" duration-ms="9047" status="PASS">
          <reporter-output>
          </reporter-output>
        </test-method> <!-- offerridestep2 -->
      </class> <!-- BaseClasses.OfferrideStep_2TestCase -->
    </test> <!-- Test -->
  </suite> <!-- Suite -->
</testng-results>
